D:\DOCYMENT\1UNIVERSITY\DIPLOMA\PROGRAMM\DBMS WITH FORM\DBMS WITH FORM\DEBUG\SEARCHDIALOG.OBJ
D:\DOCYMENT\1UNIVERSITY\DIPLOMA\PROGRAMM\DBMS WITH FORM\DBMS WITH FORM\DEBUG\MAIN.OBJ
D:\DOCYMENT\1UNIVERSITY\DIPLOMA\PROGRAMM\DBMS WITH FORM\DBMS WITH FORM\DEBUG\MOC_SEARCHDIALOG.OBJ
D:\DOCYMENT\1UNIVERSITY\DIPLOMA\PROGRAMM\DBMS WITH FORM\DBMS WITH FORM\DEBUG\MOC_EDITDIALOG.OBJ
D:\DOCYMENT\1UNIVERSITY\DIPLOMA\PROGRAMM\DBMS WITH FORM\DBMS WITH FORM\DEBUG\MOC_DBMSWITHFORM.OBJ
D:\DOCYMENT\1UNIVERSITY\DIPLOMA\PROGRAMM\DBMS WITH FORM\DBMS WITH FORM\DEBUG\EDITDIALOG.OBJ
D:\DOCYMENT\1UNIVERSITY\DIPLOMA\PROGRAMM\DBMS WITH FORM\DBMS WITH FORM\DEBUG\DBMSELEMENTSOFSTRUCTURE.OBJ
D:\DOCYMENT\1UNIVERSITY\DIPLOMA\PROGRAMM\DBMS WITH FORM\DBMS WITH FORM\GENERATEDFILES\DEBUG\MOC_DBMSWITHFORM.CPP
D:\DOCYMENT\1UNIVERSITY\DIPLOMA\PROGRAMM\DBMS WITH FORM\DBMS WITH FORM\GENERATEDFILES\DEBUG\MOC_EDITDIALOG.CPP
D:\DOCYMENT\1UNIVERSITY\DIPLOMA\PROGRAMM\DBMS WITH FORM\DBMS WITH FORM\GENERATEDFILES\DEBUG\MOC_SEARCHDIALOG.CPP
D:\DOCYMENT\1UNIVERSITY\DIPLOMA\PROGRAMM\DBMS WITH FORM\DBMS WITH FORM\GENERATEDFILES\QRC_DBMSWITHFORM.CPP
D:\DOCYMENT\1UNIVERSITY\DIPLOMA\PROGRAMM\DBMS WITH FORM\DBMS WITH FORM\GENERATEDFILES\UI_SEARCH.H
D:\DOCYMENT\1UNIVERSITY\DIPLOMA\PROGRAMM\DBMS WITH FORM\DBMS WITH FORM\GENERATEDFILES\UI_EDIT.H
D:\DOCYMENT\1UNIVERSITY\DIPLOMA\PROGRAMM\DBMS WITH FORM\DBMS WITH FORM\GENERATEDFILES\UI_DBMSWITHFORM.H
D:\Docyment\1UNIVERSITY\Diploma\Programm\DBMS with form\DBMS with form\Debug\DbmsElementsOfStructure.obj
D:\Docyment\1UNIVERSITY\Diploma\Programm\DBMS with form\DBMS with form\Debug\editdialog.obj
D:\Docyment\1UNIVERSITY\Diploma\Programm\DBMS with form\DBMS with form\Debug\main.obj
D:\Docyment\1UNIVERSITY\Diploma\Programm\DBMS with form\DBMS with form\Debug\moc_dbmswithform.obj
D:\Docyment\1UNIVERSITY\Diploma\Programm\DBMS with form\DBMS with form\Debug\moc_editdialog.obj
D:\Docyment\1UNIVERSITY\Diploma\Programm\DBMS with form\DBMS with form\Debug\moc_searchdialog.obj
D:\Docyment\1UNIVERSITY\Diploma\Programm\DBMS with form\DBMS with form\Debug\searchdialog.obj
D:\Docyment\1UNIVERSITY\Diploma\Programm\DBMS with form\DBMS with form\Debug\cl.command.1.tlog
D:\Docyment\1UNIVERSITY\Diploma\Programm\DBMS with form\DBMS with form\Debug\CL.read.1.tlog
D:\Docyment\1UNIVERSITY\Diploma\Programm\DBMS with form\DBMS with form\Debug\CL.write.1.tlog
D:\Docyment\1UNIVERSITY\Diploma\Programm\DBMS with form\DBMS with form\Debug\custombuild.command.1.tlog
D:\Docyment\1UNIVERSITY\Diploma\Programm\DBMS with form\DBMS with form\Debug\custombuild.read.1.tlog
D:\Docyment\1UNIVERSITY\Diploma\Programm\DBMS with form\DBMS with form\Debug\custombuild.write.1.tlog
D:\Docyment\1UNIVERSITY\Diploma\Programm\DBMS with form\DBMS with form\Debug\vc110.idb
D:\Docyment\1UNIVERSITY\Diploma\Programm\DBMS with form\DBMS with form\Debug\vc110.pdb
