Сборка начата 10.12.2014 11:22:00.
     1>Проект "D:\Docyment\1UNIVERSITY\Diploma\Programm\DBMS with form\DBMS with form\DBMS with form.vcxproj" в узле 2 (целевые объекты Build).
     1>CustomBuild:
         Moc'ing dbmswithform.h...
         Moc'ing editdialog.h...
         Moc'ing searchdialog.h...
         Uic'ing edit.ui...
       ClCompile:
         C:\Program Files (x86)\Microsoft Visual Studio 11.0\VC\bin\CL.exe /c /I.\GeneratedFiles /I. /IC:\Qt\Qt5.2.1\5.2.1\msvc2012\include /I.\GeneratedFiles\Release /IC:\Qt\Qt5.2.1\5.2.1\msvc2012\include\QtCore /IC:\Qt\Qt5.2.1\5.2.1\msvc2012\include\QtGui /IC:\Qt\Qt5.2.1\5.2.1\msvc2012\include\QtSql /IC:\Qt\Qt5.2.1\5.2.1\msvc2012\include\QtWidgets /nologo /W1 /WX- /O2 /Oy- /D UNICODE /D WIN32 /D WIN64 /D QT_DLL /D QT_NO_DEBUG /D NDEBUG /D QT_CORE_LIB /D QT_GUI_LIB /D QT_SQL_LIB /D QT_WIDGETS_LIB /Gm- /EHsc /MD /GS /fp:precise /Zc:wchar_t /Zc:forScope /Fo"Release\\" /Fd"Release\vc110.pdb" /Gd /TP /analyze- /errorReport:prompt dbmswithform.cpp DbmsElementsOfStructure.cpp editdialog.cpp GeneratedFiles\Debug\moc_dbmswithform.cpp GeneratedFiles\Debug\moc_searchdialog.cpp GeneratedFiles\Release\moc_dbmswithform.cpp GeneratedFiles\Release\moc_editdialog.cpp GeneratedFiles\Release\moc_searchdialog.cpp main.cpp searchdialog.cpp
         dbmswithform.cpp
         DbmsElementsOfStructure.cpp
         editdialog.cpp
         moc_dbmswithform.cpp
         moc_searchdialog.cpp
         moc_dbmswithform.cpp
         moc_editdialog.cpp
         moc_searchdialog.cpp
         main.cpp
         searchdialog.cpp
         Создание кода...
         C:\Program Files (x86)\Microsoft Visual Studio 11.0\VC\bin\CL.exe /c /I.\GeneratedFiles /I. /IC:\Qt\Qt5.2.1\5.2.1\msvc2012\include /I.\GeneratedFiles\Release /IC:\Qt\Qt5.2.1\5.2.1\msvc2012\include\QtCore /IC:\Qt\Qt5.2.1\5.2.1\msvc2012\include\QtGui /IC:\Qt\Qt5.2.1\5.2.1\msvc2012\include\QtSql /IC:\Qt\Qt5.2.1\5.2.1\msvc2012\include\QtWidgets /nologo /W1 /WX- /O2 /Oy- /D UNICODE /D WIN32 /D WIN64 /D QT_DLL /D QT_NO_DEBUG /D NDEBUG /D QT_CORE_LIB /D QT_GUI_LIB /D QT_SQL_LIB /D QT_WIDGETS_LIB /Gm- /EHsc /MD /GS /fp:precise /Zc:wchar_t /Zc:forScope /Fo"Release\\" /Fd"Release\vc110.pdb" /Gd /TP /analyze- /errorReport:prompt GeneratedFiles\qrc_dbmswithform.cpp
         qrc_dbmswithform.cpp
       Link:
         C:\Program Files (x86)\Microsoft Visual Studio 11.0\VC\bin\link.exe /ERRORREPORT:PROMPT /OUT:"D:\Docyment\1UNIVERSITY\Diploma\Programm\DBMS with form\Win32\Release\\DBMS with form.exe" /NOLOGO /LIBPATH:C:\Qt\Qt5.2.1\5.2.1\msvc2012\lib qtmain.lib Qt5Core.lib Qt5Gui.lib Qt5Sql.lib Qt5Widgets.lib kernel32.lib user32.lib gdi32.lib winspool.lib comdlg32.lib advapi32.lib shell32.lib ole32.lib oleaut32.lib uuid.lib odbc32.lib odbccp32.lib /MANIFEST /MANIFESTUAC:"level='asInvoker' uiAccess='false'" /manifest:embed /PDB:"D:\Docyment\1UNIVERSITY\Diploma\Programm\DBMS with form\Win32\Release\DBMS with form.pdb" /SUBSYSTEM:WINDOWS /TLBID:1 /DYNAMICBASE /NXCOMPAT /IMPLIB:"D:\Docyment\1UNIVERSITY\Diploma\Programm\DBMS with form\Win32\Release\DBMS with form.lib" /MACHINE:X86 /SAFESEH Release\dbmswithform.obj
         Release\DbmsElementsOfStructure.obj
         Release\editdialog.obj
         Release\moc_dbmswithform.obj
         Release\moc_searchdialog.obj
         Release\qrc_dbmswithform.obj
         Release\moc_dbmswithform.obj
         Release\moc_editdialog.obj
         Release\moc_searchdialog.obj
         Release\main.obj
         Release\searchdialog.obj
     1>Release\moc_dbmswithform.obj : warning LNK4042: объект указан более одного раза; лишние не учитываются
     1>Release\moc_searchdialog.obj : warning LNK4042: объект указан более одного раза; лишние не учитываются
         DBMS with form.vcxproj -> D:\Docyment\1UNIVERSITY\Diploma\Programm\DBMS with form\Win32\Release\DBMS with form.exe
     1>Построение проекта "D:\Docyment\1UNIVERSITY\Diploma\Programm\DBMS with form\DBMS with form\DBMS with form.vcxproj" завершено (целевые объекты Build).

Сборка успешно завершена.

Затраченное время: 00:00:39.44
